<?xml version="1.0" encoding="UTF-8" ?>
<testsuite failures="0" time="0.371" errors="0" skipped="0" tests="16" name="com.ericsson.util.HandleXmlTest">
  <properties>
    <property name="java.runtime.name" value="Java(TM) SE Runtime Environment"/>
    <property name="sun.boot.library.path" value="E:\jdk1.6\jre\bin"/>
    <property name="java.vm.version" value="11.0-b15"/>
    <property name="java.vm.vendor" value="Sun Microsystems Inc."/>
    <property name="java.vendor.url" value="http://java.sun.com/"/>
    <property name="path.separator" value=";"/>
    <property name="guice.disable.misplaced.annotation.check" value="true"/>
    <property name="java.vm.name" value="Java HotSpot(TM) Client VM"/>
    <property name="file.encoding.pkg" value="sun.io"/>
    <property name="user.country" value="CN"/>
    <property name="sun.java.launcher" value="SUN_STANDARD"/>
    <property name="sun.os.patch.level" value=""/>
    <property name="java.vm.specification.name" value="Java Virtual Machine Specification"/>
    <property name="user.dir" value="C:\Users\think\Desktop\backup\commit\ab"/>
    <property name="java.runtime.version" value="1.6.0_10-rc2-b32"/>
    <property name="java.awt.graphicsenv" value="sun.awt.Win32GraphicsEnvironment"/>
    <property name="java.endorsed.dirs" value="E:\jdk1.6\jre\lib\endorsed"/>
    <property name="os.arch" value="x86"/>
    <property name="java.io.tmpdir" value="C:\Users\think\AppData\Local\Temp\"/>
    <property name="line.separator" value="
"/>
    <property name="java.vm.specification.vendor" value="Sun Microsystems Inc."/>
    <property name="user.variant" value=""/>
    <property name="os.name" value="Windows Vista"/>
    <property name="classworlds.conf" value="E:\Maven\apache-maven-3.0.4\bin\..\bin\m2.conf"/>
    <property name="sun.jnu.encoding" value="GBK"/>
    <property name="java.library.path" value="E:\jdk1.6\bin;.;C:\Windows\Sun\Java\bin;C:\Windows\system32;C:\Windows;E:\Maven\apache-maven-3.0.4\bin;E:\jdk1.6\bin;E:\oracle11G\product\11.1.1.0\db_1\bin;C:\Windows\system32;C:\Windows;C:\Windows\System32\Wbem;C:\Windows\System32\WindowsPowerShell\v1.0\;C:\Program Files\ATI Technologies\ATI.ACE\Core-Static;C:\Program Files\Common Files\Lenovo;C:\Program Files\Common Files\Ulead Systems\MPEG;C:\SWTOOLS\ReadyApps;c:\Program Files\Microsoft SQL Server\90\Tools\binn\;C:\Program Files\Common Files\Thunder Network\KanKan\Codecs;C:\FileSetup\Matlab\runtime\win32;C:\FileSetup\Matlab\bin;E:\暴风影音\Codec;E:\暴风影音"/>
    <property name="java.specification.name" value="Java Platform API Specification"/>
    <property name="java.class.version" value="50.0"/>
    <property name="sun.management.compiler" value="HotSpot Client Compiler"/>
    <property name="os.version" value="6.1"/>
    <property name="user.home" value="C:\Users\think"/>
    <property name="user.timezone" value="Asia/Shanghai"/>
    <property name="java.awt.printerjob" value="sun.awt.windows.WPrinterJob"/>
    <property name="file.encoding" value="GBK"/>
    <property name="java.specification.version" value="1.6"/>
    <property name="user.name" value="think"/>
    <property name="java.class.path" value="E:\Maven\apache-maven-3.0.4\bin\..\boot\plexus-classworlds-2.4.jar"/>
    <property name="java.vm.specification.version" value="1.0"/>
    <property name="sun.arch.data.model" value="32"/>
    <property name="java.home" value="E:\jdk1.6\jre"/>
    <property name="java.specification.vendor" value="Sun Microsystems Inc."/>
    <property name="user.language" value="zh"/>
    <property name="awt.toolkit" value="sun.awt.windows.WToolkit"/>
    <property name="java.vm.info" value="mixed mode, sharing"/>
    <property name="java.version" value="1.6.0_10-rc2"/>
    <property name="java.ext.dirs" value="E:\jdk1.6\jre\lib\ext;C:\Windows\Sun\Java\lib\ext"/>
    <property name="sun.boot.class.path" value="E:\jdk1.6\jre\lib\resources.jar;E:\jdk1.6\jre\lib\rt.jar;E:\jdk1.6\jre\lib\sunrsasign.jar;E:\jdk1.6\jre\lib\jsse.jar;E:\jdk1.6\jre\lib\jce.jar;E:\jdk1.6\jre\lib\charsets.jar;E:\jdk1.6\jre\classes"/>
    <property name="java.vendor" value="Sun Microsystems Inc."/>
    <property name="maven.home" value="E:\Maven\apache-maven-3.0.4\bin\.."/>
    <property name="file.separator" value="\"/>
    <property name="java.vendor.url.bug" value="http://java.sun.com/cgi-bin/bugreport.cgi"/>
    <property name="sun.cpu.endian" value="little"/>
    <property name="sun.io.unicode.encoding" value="UnicodeLittle"/>
    <property name="sun.desktop" value="windows"/>
    <property name="sun.cpu.isalist" value="pentium_pro+mmx pentium_pro pentium+mmx pentium i486 i386 i86"/>
  </properties>
  <testcase time="0.111" classname="com.ericsson.util.HandleXmlTest" name="testAdd"/>
  <testcase time="0.027" classname="com.ericsson.util.HandleXmlTest" name="testSearch1"/>
  <testcase time="0.022" classname="com.ericsson.util.HandleXmlTest" name="testSearch2"/>
  <testcase time="0.005" classname="com.ericsson.util.HandleXmlTest" name="testSearch3"/>
  <testcase time="0.008" classname="com.ericsson.util.HandleXmlTest" name="testSearch4"/>
  <testcase time="0.011" classname="com.ericsson.util.HandleXmlTest" name="testSearch5"/>
  <testcase time="0.011" classname="com.ericsson.util.HandleXmlTest" name="testSearch6"/>
  <testcase time="0.007" classname="com.ericsson.util.HandleXmlTest" name="testSearch7"/>
  <testcase time="0.047" classname="com.ericsson.util.HandleXmlTest" name="testDelete1"/>
  <testcase time="0.014" classname="com.ericsson.util.HandleXmlTest" name="testDelete2"/>
  <testcase time="0.005" classname="com.ericsson.util.HandleXmlTest" name="testDelete3"/>
  <testcase time="0.04" classname="com.ericsson.util.HandleXmlTest" name="testDelete4"/>
  <testcase time="0.046" classname="com.ericsson.util.HandleXmlTest" name="testDelete5"/>
  <testcase time="0.001" classname="com.ericsson.util.HandleXmlTest" name="testDelete6"/>
  <testcase time="0.006" classname="com.ericsson.util.HandleXmlTest" name="testDelete7"/>
  <testcase time="0" classname="com.ericsson.util.HandleXmlTest" name="testVerifyInitFile"/>
</testsuite>